[2026-01-04 14:16:09] [INFO] Discovered 5 CSV file(s)
[2026-01-04 14:16:11] [INFO] Loaded data: 6253 rows x 28 cols
[2026-01-04 14:16:11] [INFO] Continuous columns present: AGE, ESCS, MCLSIZE, SCHSIZE, PV1MATH, PV2MATH, PV3MATH, PV4MATH, PV5MATH, PV6MATH, PV7MATH, PV8MATH, PV9MATH, PV10MATH
[2026-01-04 14:16:11] [INFO] Categorical columns present: ST001D01T, ST004D01T, MISCED, IMMIG, ST268Q01JA, ST268Q04JA, ST268Q07JA, SC064Q01TA, SC064Q02TA, SC064Q03TA, SC064Q04NA, SC064Q05WA, SC064Q06WA, SC064Q07WA
[2026-01-04 14:16:11] [INFO] Entering continuous imputation loop
[2026-01-04 14:16:11] [INFO] Imputing column: AGE
[2026-01-04 14:16:11] [INFO] Finished: AGE | NA before: 0 | NA after: 0
[2026-01-04 14:16:11] [INFO] Imputing column: ESCS
[2026-01-04 14:16:11] [INFO] Finished: ESCS | NA before: 0 | NA after: 0
[2026-01-04 14:16:11] [INFO] Imputing column: MCLSIZE
[2026-01-04 14:16:11] [INFO] Finished: MCLSIZE | NA before: 0 | NA after: 0
[2026-01-04 14:16:11] [INFO] Imputing column: SCHSIZE
[2026-01-04 14:16:11] [INFO] Finished: SCHSIZE | NA before: 0 | NA after: 0
[2026-01-04 14:16:11] [INFO] Imputing column: PV1MATH
[2026-01-04 14:16:11] [INFO] Finished: PV1MATH | NA before: 0 | NA after: 0
[2026-01-04 14:16:11] [INFO] Imputing column: PV2MATH
[2026-01-04 14:16:11] [INFO] Finished: PV2MATH | NA before: 0 | NA after: 0
[2026-01-04 14:16:11] [INFO] Imputing column: PV3MATH
[2026-01-04 14:16:11] [INFO] Finished: PV3MATH | NA before: 0 | NA after: 0
[2026-01-04 14:16:11] [INFO] Imputing column: PV4MATH
[2026-01-04 14:16:11] [INFO] Finished: PV4MATH | NA before: 0 | NA after: 0
[2026-01-04 14:16:11] [INFO] Imputing column: PV5MATH
[2026-01-04 14:16:11] [INFO] Finished: PV5MATH | NA before: 0 | NA after: 0
[2026-01-04 14:16:11] [INFO] Imputing column: PV6MATH
[2026-01-04 14:16:11] [INFO] Finished: PV6MATH | NA before: 0 | NA after: 0
[2026-01-04 14:16:11] [INFO] Imputing column: PV7MATH
[2026-01-04 14:16:11] [INFO] Finished: PV7MATH | NA before: 0 | NA after: 0
[2026-01-04 14:16:11] [INFO] Imputing column: PV8MATH
[2026-01-04 14:16:11] [INFO] Finished: PV8MATH | NA before: 0 | NA after: 0
[2026-01-04 14:16:11] [INFO] Imputing column: PV9MATH
[2026-01-04 14:16:11] [INFO] Finished: PV9MATH | NA before: 0 | NA after: 0
[2026-01-04 14:16:11] [INFO] Imputing column: PV10MATH
[2026-01-04 14:16:11] [INFO] Finished: PV10MATH | NA before: 0 | NA after: 0
[2026-01-04 14:16:11] [INFO] Total remaining NA count: 0
[2026-01-04 14:16:11] [INFO] All required SEM variables present.
[2026-01-04 14:16:11] [INFO] Applied tiny jitter to measurement indicators for bootstrap stability.
[2026-01-04 14:16:11] [INFO] Applied tiny jitter to measurement indicators for bootstrap stability.
[2026-01-04 14:16:11] [INFO] Estimating PLS-SEM model...
[2026-01-04 14:16:11] [INFO] PLS model estimated.
[2026-01-04 14:16:17] [WARN] Indicator diagnostics (lowest SD first):
[2026-01-04 14:16:17] [WARN]             indicator   class n_unique         sd           min        max | ST268Q07JA ST268Q07JA numeric     6253  0.5218257  9.999980e-01   4.000002 | ST268Q04JA ST268Q04JA numeric     6253  0.7743231  9.999980e-01   4.000002 | ST268Q01JA ST268Q01JA numeric     6253  0.8997859  9.999980e-01   4.000002 | PV9MATH       PV9MATH numeric     6253  1.0000000 -3.298811e+00   4.571255 | PV10MATH     PV10MATH numeric     6253  1.0000000 -3.278830e+00   4.104019 | PV7MATH       PV7MATH numeric     6253  1.0000000 -3.625071e+00   4.126121 | PV8MATH       PV8MATH numeric     6253  1.0000000 -3.442360e+00   4.497373 | PV6MATH       PV6MATH numeric     6253  1.0000000 -3.689713e+00   4.597670 | PV4MATH       PV4MATH numeric     6253  1.0000000 -3.544604e+00   4.342542 | PV3MATH       PV3MATH numeric     6253  1.0000000 -3.434361e+00   3.681796 | PV2MATH       PV2MATH numeric     6253  1.0000000 -3.626688e+00   3.947131 | PV5MATH       PV5MATH numeric     6253  1.0000000 -3.463243e+00   4.093670 | PV1MATH       PV1MATH numeric     6253  1.0000000 -3.600881e+00   4.287638 | SC064Q07WA SC064Q07WA numeric     6253  8.9416464 -1.999102e-06 100.000002 | SC064Q04NA SC064Q04NA numeric     6253 25.7446307 -1.999938e-06 100.000002
[2026-01-04 14:16:17] [WARN] Indicators flagged as bootstrap-unstable (sd==0/NA or n_unique<=1): <none>
[2026-01-04 14:16:17] [INFO] Starting bootstrap: nboot=1000 cores=4 seed=123
[2026-01-04 14:16:27] [INFO] Bootstrap completed successfully.
[2026-01-04 14:16:29] [INFO] Lavaan model converged successfully.
[2026-01-04 14:16:30] [INFO] Excel export completed.
[2026-01-04 14:16:31] [INFO] Writing Excel workbook: C:/Users/mithu/Documents/MEGA/VUW/Summer Research Project/Experiments/PISA-SEM/KOR/GReaT/DistilGPT2/sem_results_synthetic_great_distilgpt2_rep_1.xlsx
[2026-01-04 14:16:31] [INFO] Excel export completed.
[2026-01-04 14:16:31] [INFO] Loaded data: 6253 rows x 28 cols
[2026-01-04 14:16:31] [INFO] Continuous columns present: AGE, ESCS, MCLSIZE, SCHSIZE, PV1MATH, PV2MATH, PV3MATH, PV4MATH, PV5MATH, PV6MATH, PV7MATH, PV8MATH, PV9MATH, PV10MATH
[2026-01-04 14:16:31] [INFO] Categorical columns present: ST001D01T, ST004D01T, MISCED, IMMIG, ST268Q01JA, ST268Q04JA, ST268Q07JA, SC064Q01TA, SC064Q02TA, SC064Q03TA, SC064Q04NA, SC064Q05WA, SC064Q06WA, SC064Q07WA
[2026-01-04 14:16:31] [INFO] Entering continuous imputation loop
[2026-01-04 14:16:31] [INFO] Imputing column: AGE
[2026-01-04 14:16:31] [INFO] Finished: AGE | NA before: 0 | NA after: 0
[2026-01-04 14:16:31] [INFO] Imputing column: ESCS
[2026-01-04 14:16:31] [INFO] Finished: ESCS | NA before: 0 | NA after: 0
[2026-01-04 14:16:31] [INFO] Imputing column: MCLSIZE
[2026-01-04 14:16:31] [INFO] Finished: MCLSIZE | NA before: 0 | NA after: 0
[2026-01-04 14:16:31] [INFO] Imputing column: SCHSIZE
[2026-01-04 14:16:31] [INFO] Finished: SCHSIZE | NA before: 0 | NA after: 0
[2026-01-04 14:16:31] [INFO] Imputing column: PV1MATH
[2026-01-04 14:16:31] [INFO] Finished: PV1MATH | NA before: 0 | NA after: 0
[2026-01-04 14:16:31] [INFO] Imputing column: PV2MATH
[2026-01-04 14:16:31] [INFO] Finished: PV2MATH | NA before: 0 | NA after: 0
[2026-01-04 14:16:31] [INFO] Imputing column: PV3MATH
[2026-01-04 14:16:31] [INFO] Finished: PV3MATH | NA before: 0 | NA after: 0
[2026-01-04 14:16:31] [INFO] Imputing column: PV4MATH
[2026-01-04 14:16:31] [INFO] Finished: PV4MATH | NA before: 0 | NA after: 0
[2026-01-04 14:16:31] [INFO] Imputing column: PV5MATH
[2026-01-04 14:16:31] [INFO] Finished: PV5MATH | NA before: 0 | NA after: 0
[2026-01-04 14:16:31] [INFO] Imputing column: PV6MATH
[2026-01-04 14:16:31] [INFO] Finished: PV6MATH | NA before: 0 | NA after: 0
[2026-01-04 14:16:31] [INFO] Imputing column: PV7MATH
[2026-01-04 14:16:31] [INFO] Finished: PV7MATH | NA before: 0 | NA after: 0
[2026-01-04 14:16:31] [INFO] Imputing column: PV8MATH
[2026-01-04 14:16:31] [INFO] Finished: PV8MATH | NA before: 0 | NA after: 0
[2026-01-04 14:16:31] [INFO] Imputing column: PV9MATH
[2026-01-04 14:16:31] [INFO] Finished: PV9MATH | NA before: 0 | NA after: 0
[2026-01-04 14:16:31] [INFO] Imputing column: PV10MATH
[2026-01-04 14:16:31] [INFO] Finished: PV10MATH | NA before: 0 | NA after: 0
[2026-01-04 14:16:31] [INFO] Total remaining NA count: 0
[2026-01-04 14:16:31] [INFO] All required SEM variables present.
[2026-01-04 14:16:31] [INFO] Applied tiny jitter to measurement indicators for bootstrap stability.
[2026-01-04 14:16:31] [INFO] Applied tiny jitter to measurement indicators for bootstrap stability.
[2026-01-04 14:16:31] [INFO] Estimating PLS-SEM model...
